Summary for: stocks
Title: Complete PLTR DD ahead of Demo Day (Valuation Included)
Link: https://www.reddit.com/r/stocks/comments/l2d1wp/complete_pltr_dd_ahead_of_demo_day_valuation/
Symbols in this post: ['PLTR', 'DD', 'AI', 'AI', 'AI', 'AI', 'AI', 'IT', 'IT', 'IT', 'AI', 'AI', 'PLTR', 'PLTR', 'DD', 'DD', 'DD', 'DD', 'PLTR', 'PLTR', 'DD', 'PLTR', 'PT', 'IMO', 'PLTR', 'PLTR', 'PLTR', 'PLTR', 'PLTR', 'DD', 'PLTR', 'DD', 'DD', 'DD', 'DD', 'DD', 'DD', 'DD', 'DD', 'PLTR', 'PLTR', 'BB', 'DD', 'GME', 'DD', 'DD', 'DD', 'DD', 'DD', 'PLTR', 'PLTR', 'PLTR', 'PLTR', 'DD', 'DD', 'PE', 'DD', 'DD', 'EVER', 'PLTR', 'DD', 'PLTR', 'DD', 'DD', 'DD', 'DD', 'DD', 'PT', 'DD', 'DD', 'PLTR', 'DD', 'PLTR', 'DD', 'PLTR', 'PLTR', 'PLTR', 'PLTR', 'DD', 'DD', 'DD', 'DD', 'DD', 'DD', 'DD', 'ONE', 'PLTR', 'GME', 'PLTR', 'GME']
Title: DD - Green Hydrogen and PLUG will pave the way to profits for investors and a sustainable future for all.
Link: https://www.reddit.com/r/stocks/comments/l0qg8p/dd_green_hydrogen_and_plug_will_pave_the_way_to/
Symbols in this post: ['DD', 'PLUG', 'PLUG', 'CEO', 'PLUG', 'DD', 'PLUG', 'TO', 'TO']
Title: Wanted to share a great DD conversation I had about DTIL
Link: https://www.reddit.com/r/stocks/comments/l0okk8/wanted_to_share_a_great_dd_conversation_i_had/
Symbols in this post: ['DD', 'DD', 'DD', 'EDIT', 'IP', 'DD', 'DD']
Title: DD: iRobot (IRBT)
Link: https://www.reddit.com/r/stocks/comments/kzhbz5/dd_irobot_irbt/
Symbols in this post: ['DD', 'IRBT', 'IRBT', 'NET', 'NIO', 'TTM', 'FCF', 'PE', 'TTM', 'PE', 'PE', 'PE', 'TTM', 'AI', 'USA', 'IRBT', 'IRBT', 'DCA', 'FCF', 'IRBT', 'IRBT', 'IRBT', 'IRBT', 'IP', 'RP']
Title: TAN movement discussion/DD thread from a novice.
Link: https://www.reddit.com/r/stocks/comments/l0wbe6/tan_movement_discussiondd_thread_from_a_novice/
Symbols in this post: ['DD', 'SEDG', 'ENPH', 'TSLA']
Title: DD 1Life healthcare $ONEM
Link: https://www.reddit.com/r/stocks/comments/l0y2wb/dd_1life_healthcare_onem/
Symbols in this post: ['DD', 'DD']
Title: Low effort electric school bus DD (BLBD)
Link: https://www.reddit.com/r/stocks/comments/kyvpnn/low_effort_electric_school_bus_dd_blbd/
Symbols in this post: ['DD', 'BLBD', 'BLBD', 'BLBD']
Title: OKTA DD - Long Post
Link: https://www.reddit.com/r/stocks/comments/kz7swx/okta_dd_long_post/
Symbols in this post: ['DD', 'DD', 'DD', 'DD', 'IBM', 'IBM']
Title: DD on $ALSN
Link: https://www.reddit.com/r/stocks/comments/l20muy/dd_on_alsn/
Symbols in this post: ['DD', 'ALSN']
Ticker summary for: stocks
{'BB': 1, 'EVER': 1, 'NET': 1, 'NIO': 1, 'DCA': 1, 'RP': 1, 'SEDG': 1, 'ENPH': 1, 'TSLA': 1, 'ALSN': 1, 'PT': 2, 'IP': 2, 'FCF': 2, 'IBM': 2, 'GME': 3, 'TTM': 3, 'BLBD': 3, 'PLUG': 4, 'PE': 5, 'IRBT': 8, 'PLTR': 28}

Summary for: SPACs
Title: CCIV Detail DD
Link: https://docs.google.com/document/d/1p9_T75TlZcc2DLb6ZOuAbtumOUtgFboxt6zMqKnC-Z0/edit?usp=drivesdk
Symbols in this post: ['CCIV', 'DD', 'CCIV', 'RP', 'DD', 'CCIV', 'SAPIF', 'CCIV', 'CCC', 'MPLN', 'CCIV', 'CCIV', 'EDIT', 'MAN', 'ANY', 'MORE', 'DD', 'DD', 'DD', 'CCIV', 'DD', 'IMO', 'CCIV', 'DD', 'DD', 'GM', 'DD', 'DD', 'CCIV', 'DD', 'DD', 'DD', 'EV', 'EV']
Title: $cciv/lucid -next level DD
Link: https://i.redd.it/rjv5j40825c61.jpg
Symbols in this post: ['DD', 'CCIV', 'DD', 'CCIV', 'CCIV', 'PLTR', 'MEME', 'BLUE', 'CCIV', 'CCIV', 'DD', 'DD', 'TV']
Title: $NPA DD: A unicorn SPAC
Link: https://www.reddit.com/r/SPACs/comments/l08xpq/npa_dd_a_unicorn_spac/
Symbols in this post: ['DD', 'AST', 'AST', 'AST', 'AST', 'AST', 'AT', 'AST', 'AT', 'AT', 'AT', 'EV', 'AI', 'TSLA', 'ETF', 'QS', 'QS', 'BB', 'DD', 'CCIV', 'ETF', 'DD', 'AT', 'AST', 'DD', 'DD', 'CCIV', 'DD', 'GME', 'AT', 'AT', 'AT', 'AT', 'AT', 'AST', 'VSAT', 'SPCE']
Title: DD#9 on $FTOC( FTAC Olympus Acquisition Corp): Excellent Asymmetric Risk Profile in Fintech including Canadian’s recent interview with Betsy Cohen and Payoneer Rumor
Link: https://www.reddit.com/r/SPACs/comments/l1p4on/dd9_on_ftoc_ftac_olympus_acquisition_corp/
Symbols in this post: ['DD', 'DD', 'DD', 'CEO', 'NAV', 'FUSE', 'GSAH', 'AJAX', 'CEO', 'CEO', 'BBVA', 'III', 'CEO', 'CEO', 'CEO', 'BBVA', 'CEO', 'CEO', 'MGI', 'VC', 'SQ', 'GSAH', 'AJAX', 'SBE', 'CEO', 'NAV', 'FUSE', 'GSAH', 'AJAX', 'DD', 'DD', 'DD', 'FGNA', 'CCIV', 'FUSE', 'SBE', 'GIX', 'HYLN', 'DD', 'DD', 'DD', 'DD', 'DD', 'DD', 'DD', 'DD', 'DD', 'CIK', 'CIK', 'AE', 'AE', 'DD', 'MD', 'DD', 'GSAH', 'AJAX', 'CRHC', 'FUSE', 'CCIV', 'CCIV', 'FUSE', 'GSAH', 'AJAX', 'DD', 'DD', 'DD', 'DD', 'DD', 'BSA', 'TBBK']
Title: Payoneer experience as an ex-client ($FTOC DD)
Link: https://www.reddit.com/r/SPACs/comments/l1jsgo/payoneer_experience_as_an_exclient_ftoc_dd/
Symbols in this post: ['DD', 'TW', 'AM', 'PLUS', 'NAV', 'DD']
Title: DD of Forest Road Acquisition - FRX: The Shaq SPAC, Beyond Shaq
Link: https://www.reddit.com/r/SPACs/comments/kyx37e/dd_of_forest_road_acquisition_frx_the_shaq_spac/
Symbols in this post: ['DD', 'FRX', 'ABC', 'DD', 'DD', 'FRX', 'III', 'FRX', 'FRX', 'ABC', 'CEO', 'CEO', 'FRX', 'XPOA', 'DD', 'III', 'FRX', 'ABC', 'CEO', 'III', 'TV', 'MARK', 'CIO', 'COO', 'FRX', 'FRX', 'FRX', 'TIL', 'NAV', 'CEO', 'DD']
Title: HZON DD & My SPAC Investing Philosophy (deep dive; long read)
Link: https://www.reddit.com/r/SPACs/comments/l3iza5/hzon_dd_my_spac_investing_philosophy_deep_dive/
Symbols in this post: ['HZON', 'DD', 'HZON', 'HZON', 'HZAC', 'HZON', 'HZON', 'HZON', 'IMO', 'MRC', 'NFLX', 'HZON', 'IMO', 'DFS', 'TV', 'MRC', 'IMO', 'HZON', 'HZON', 'HZON', 'HZON', 'HZON', 'DD', 'RBAC', 'HZON', 'RBAC', 'HZON', 'BB']
Title: NSH - the more DD I do, the more I like it
Link: https://www.reddit.com/r/SPACs/comments/l11787/nsh_the_more_dd_i_do_the_more_i_like_it/
Symbols in this post: ['NSH', 'DD', 'NSH', 'NSH', 'NSA', 'CIA', 'CEO', 'CIA', 'IMO', 'NSH', 'NSH', 'NSH', 'CEO', 'CEO', 'CEO', 'DD', 'DD', 'NSH', 'PIPP', 'NAV', 'LMT']
Title: VIH (Bakkt) DD
Link: https://www.reddit.com/r/SPACs/comments/kzb5h1/vih_bakkt_dd/
Symbols in this post: ['DD', 'CEO', 'CEO', 'ICE', 'ICE', 'ICE', 'CME', 'ICE', 'CEO', 'ICE', 'CEO', 'CEO', 'ICE', 'DD', 'DD', 'CEO']
Title: $SSPK WeedMaps is still a strong buy at the current levels (DD Inside)
Link: https://www.reddit.com/r/SPACs/comments/l1skmm/sspk_weedmaps_is_still_a_strong_buy_at_the/
Symbols in this post: ['DD', 'CEO', 'IPOE']
Title: ($BFT/$PSFE): Partial DD
Link: https://www.reddit.com/r/SPACs/comments/l0nz0l/bftpsfe_partial_dd/
Symbols in this post: ['BFT', 'DD', 'DD', 'DD', 'DD', 'SQ', 'BFT', 'CVC', 'BFT']
Title: $NGAC DD - Goldman heavy team with unusually high VOLUME 3% downside
Link: https://www.reddit.com/r/SPACs/comments/kzm9mi/ngac_dd_goldman_heavy_team_with_unusually_high/
Symbols in this post: ['DD', 'DD', 'DAL', 'SPCE', 'AF', 'CO', 'NXPI', 'ADP', 'STT', 'AVTR', 'STT', 'CPB', 'CEO', 'GS', 'RNG', 'NXPI', 'FTNT', 'GPRO', 'ZUO', 'DD', 'CEO', 'GSAH', 'NAV', 'DD', 'CEO', 'GSAH', 'VRT', 'NAV']
Title: Collection of Deltalake's Original PSTH DDs before he deleted the account - It's worth taking a look at BUT take it with a healthy grain of salt and do more research.
Link: https://www.reddit.com/r/SPACs/comments/l05o41/collection_of_deltalakes_original_psth_dds_before/
Symbols in this post: ['PSTH', 'PSTH', 'DD', 'DD', 'PSTH', 'PSTH', 'PSTH', 'NAV', 'DM', 'PSTH', 'PSTH', 'TO', 'DD', 'PSTH', 'PSTH']
Title: $FIII Looks oversold went ahead and added today at $12.9 and below. DD post from a month ago as well.
Link: https://www.reddit.com/r/SPACs/comments/l1fy79/fiii_looks_oversold_went_ahead_and_added_today_at/
Symbols in this post: ['DD', 'DD', 'ONE', 'TCO', 'TCO', 'TCO', 'EV', 'ON', 'EV', 'GIK', 'ATH', 'DD', 'DD', 'DD', 'DD', 'ICE', 'TCO', 'RSI']
Title: DD. Thomas Bravo Advantage (TBA)
Link: https://www.reddit.com/r/SPACs/comments/l1335q/dd_thomas_bravo_advantage_tba/
Symbols in this post: ['DD', 'TBA', 'DD', 'TBA', 'ADP', 'HP', 'DD', 'PSTH']
Title: DD - Microvast and Tesla. Seems that both companies are well aware of each other’s presence and staff have somewhat informal relationship. Look at the screenshot
Link: https://i.redd.it/rue031lpjbc61.jpg
Symbols in this post: ['DD', 'EV']
Title: Roast/toast my holdings, DD, and speculation!
Link: https://www.reddit.com/r/SPACs/comments/kzffam/roasttoast_my_holdings_dd_and_speculation/
Symbols in this post: ['DD', 'DD', 'DD', 'BE', 'ALL', 'TO', 'STPK', 'DMYD', 'FUSE', 'NAV', 'PDAC', 'DM', 'DD', 'CEO', 'CEO', 'CEO', 'AGCB', 'ETF', 'STPK', 'DMYD', 'FUSE', 'PDAC', 'DM', 'AGCB', 'STPK', 'STEM', 'STPK', 'CCIV', 'PSTH']
Title: Looking for quality DD on GNRV, couldn’t find much.
Link: https://www.reddit.com/r/SPACs/comments/l1f6z0/looking_for_quality_dd_on_gnrv_couldnt_find_much/
Symbols in this post: ['DD', 'GNRV', 'FUSE', 'DMYD', 'DD', 'GNRV', 'DD']
Title: New LUCID/CCIV DD
Link: https://discord.com/channels/795683935568658443/795683936054804552/800559610577944617
Symbols in this post: ['CCIV', 'DD']
Title: The Dumb Money guys dropped a million bucks on NGA. Pretty good DD in this video too.
Link: https://www.youtube.com/watch?v=1Tn5sDL3kOs
Symbols in this post: ['NGA', 'DD', 'NGA']
Ticker summary for: SPACs
{'EVER': 1, 'NET': 1, 'NIO': 1, 'DCA': 1, 'SEDG': 1, 'ENPH': 1, 'ALSN': 1, 'SAPIF': 1, 'CCC': 1, 'MPLN': 1, 'MAN': 1, 'ANY': 1, 'GM': 1, 'MEME': 1, 'BLUE': 1, 'VSAT': 1, 'MGI': 1, 'VC': 1, 'FGNA': 1, 'GIX': 1, 'HYLN': 1, 'MD': 1, 'CRHC': 1, 'BSA': 1, 'TBBK': 1, 'TW': 1, 'PLUS': 1, 'XPOA': 1, 'MARK': 1, 'CIO': 1, 'COO': 1, 'TIL': 1, 'HZAC': 1, 'NFLX': 1, 'DFS': 1, 'NSA': 1, 'PIPP': 1, 'LMT': 1, 'CME': 1, 'IPOE': 1, 'CVC': 1, 'DAL': 1, 'AF': 1, 'CO': 1, 'AVTR': 1, 'CPB': 1, 'GS': 1, 'RNG': 1, 'FTNT': 1, 'GPRO': 1, 'ZUO': 1, 'VRT': 1, 'ON': 1, 'GIK': 1, 'ATH': 1, 'HP': 1, 'BE': 1, 'ALL': 1, 'STEM': 1, 'PT': 2, 'IP': 2, 'FCF': 2, 'RP': 2, 'TSLA': 2, 'IBM': 2, 'QS': 2, 'SPCE': 2, 'BBVA': 2, 'SQ': 2, 'SBE': 2, 'CIK': 2, 'AE': 2, 'MRC': 2, 'RBAC': 2, 'CIA': 2, 'NXPI': 2, 'ADP': 2, 'STT': 2, 'TBA': 2, 'PDAC': 2, 'AGCB': 2, 'GNRV': 2, 'NGA': 2, 'BB': 3, 'TTM': 3, 'BLBD': 3, 'TV': 3, 'ABC': 3, 'BFT': 3, 'DM': 3, 'DMYD': 3, 'GME': 4, 'PLUG': 4, 'III': 4, 'TCO': 4, 'STPK': 4, 'PE': 5, 'AJAX': 5, 'GSAH': 7, 'NSH': 7, 'ICE': 7, 'IRBT': 8, 'AST': 8, 'FUSE': 8, 'NAV': 9, 'FRX': 9, 'AT': 10, 'PSTH': 11, 'HZON': 14, 'CCIV': 21, 'PLTR': 29}
